<?xml version="1.0" encoding="UTF-8"?>
<robot generator="Robot 3.2.2 (Python 3.8.5 on darwin)" generated="20200924 10:37:41.263" rpa="false">
<suite id="s1" name="Train" source="/Users/kata/Documents/github/Robotframework-/Tests/Train.robot">
<test id="s1-t1" name="User be able to booking Train">
<kw name="Given User access tiket website">
<kw name="Open Browser" library="Selenium2Library">
<doc>Opens a new browser instance to the optional ``url``.</doc>
<arguments>
<arg>${SITE_URL}</arg>
<arg>${BROWSER}</arg>
</arguments>
<msg timestamp="20200924 10:37:41.560" level="INFO">Opening browser 'Chrome' to base url 'https://www.tiket.com/'.</msg>
<status status="PASS" starttime="20200924 10:37:41.560" endtime="20200924 10:37:49.530"></status>
</kw>
<kw name="Maximize Browser Window" library="Selenium2Library">
<doc>Maximizes current browser window.</doc>
<status status="PASS" starttime="20200924 10:37:49.532" endtime="20200924 10:37:50.419"></status>
</kw>
<status status="PASS" starttime="20200924 10:37:41.559" endtime="20200924 10:37:50.423"></status>
</kw>
<kw name="When user click train" library="HeaderPage">
<kw name="Click Link" library="Selenium2Library">
<doc>Clicks a link identified by ``locator``.</doc>
<arguments>
<arg>link:Kereta Api</arg>
</arguments>
<msg timestamp="20200924 10:37:50.432" level="INFO">Clicking link 'link:Kereta Api'.</msg>
<status status="PASS" starttime="20200924 10:37:50.431" endtime="20200924 10:37:51.315"></status>
</kw>
<status status="PASS" starttime="20200924 10:37:50.426" endtime="20200924 10:37:51.316"></status>
</kw>
<kw name="Then user should be redirect to train page" library="TrainPage">
<kw name="Wait Until Element Is Visible" library="Selenium2Library">
<doc>Waits until the element ``locator`` is visible.</doc>
<arguments>
<arg>class:content-link-title</arg>
</arguments>
<status status="PASS" starttime="20200924 10:37:51.317" endtime="20200924 10:37:52.658"></status>
</kw>
<kw name="Element Text Should Be" library="Selenium2Library">
<doc>Verifies that element ``locator`` contains exact the text ``expected``.</doc>
<arguments>
<arg>class:content-link-title</arg>
<arg>Stasiun Asal &amp; Tujuan Yang Beroperasi di Masa Pandemi</arg>
</arguments>
<msg timestamp="20200924 10:37:52.659" level="INFO">Verifying element 'class:content-link-title' contains exact text 'Stasiun Asal &amp; Tujuan Yang Beroperasi di Masa Pandemi'.</msg>
<status status="PASS" starttime="20200924 10:37:52.659" endtime="20200924 10:37:52.752"></status>
</kw>
<status status="PASS" starttime="20200924 10:37:51.316" endtime="20200924 10:37:52.753"></status>
</kw>
<kw name="When user makes a ticket reservation" library="TrainPage">
<kw name="Click Element" library="Selenium2Library">
<doc>Click the element identified by ``locator``.</doc>
<arguments>
<arg>class:input-airport</arg>
</arguments>
<msg timestamp="20200924 10:37:52.756" level="INFO">Clicking element 'class:input-airport'.</msg>
<status status="PASS" starttime="20200924 10:37:52.755" endtime="20200924 10:37:52.880"></status>
</kw>
<kw name="Wait Until Element Is Visible" library="Selenium2Library">
<doc>Waits until the element ``locator`` is visible.</doc>
<arguments>
<arg>class:station-name</arg>
</arguments>
<status status="PASS" starttime="20200924 10:37:52.880" endtime="20200924 10:37:53.062"></status>
</kw>
<kw name="Input Text" library="Selenium2Library">
<doc>Types the given ``text`` into the text field identified by ``locator``.</doc>
<arguments>
<arg>(//input[@class="input-airport "])[1]</arg>
<arg>Senen</arg>
</arguments>
<msg timestamp="20200924 10:37:53.064" level="INFO">Typing text 'Senen' into text field '(//input[@class="input-airport "])[1]'.</msg>
<status status="PASS" starttime="20200924 10:37:53.063" endtime="20200924 10:37:53.535"></status>
</kw>
<kw name="Element Text Should Be" library="Selenium2Library">
<doc>Verifies that element ``locator`` contains exact the text ``expected``.</doc>
<arguments>
<arg>class:station-name</arg>
<arg>Pasar Senen</arg>
</arguments>
<msg timestamp="20200924 10:37:53.536" level="INFO">Verifying element 'class:station-name' contains exact text 'Pasar Senen'.</msg>
<status status="PASS" starttime="20200924 10:37:53.535" endtime="20200924 10:37:53.559"></status>
</kw>
<kw name="Click Element" library="Selenium2Library">
<doc>Click the element identified by ``locator``.</doc>
<arguments>
<arg>class:station-name</arg>
</arguments>
<msg timestamp="20200924 10:37:53.559" level="INFO">Clicking element 'class:station-name'.</msg>
<status status="PASS" starttime="20200924 10:37:53.559" endtime="20200924 10:37:53.675"></status>
</kw>
<kw name="Input Text" library="Selenium2Library">
<doc>Types the given ``text`` into the text field identified by ``locator``.</doc>
<arguments>
<arg>(//input[@class="input-airport "])[2]</arg>
<arg>Gubeng</arg>
</arguments>
<msg timestamp="20200924 10:37:53.676" level="INFO">Typing text 'Gubeng' into text field '(//input[@class="input-airport "])[2]'.</msg>
<status status="PASS" starttime="20200924 10:37:53.676" endtime="20200924 10:37:54.101"></status>
</kw>
<kw name="Sleep" library="BuiltIn">
<doc>Pauses the test executed for the given time.</doc>
<arguments>
<arg>1s</arg>
</arguments>
<msg timestamp="20200924 10:37:55.103" level="INFO">Slept 1 second</msg>
<status status="PASS" starttime="20200924 10:37:54.102" endtime="20200924 10:37:55.104"></status>
</kw>
<kw name="Element Text Should Be" library="Selenium2Library">
<doc>Verifies that element ``locator`` contains exact the text ``expected``.</doc>
<arguments>
<arg>class:station-name</arg>
<arg>Surabaya Gubeng</arg>
</arguments>
<msg timestamp="20200924 10:37:55.104" level="INFO">Verifying element 'class:station-name' contains exact text 'Surabaya Gubeng'.</msg>
<status status="PASS" starttime="20200924 10:37:55.104" endtime="20200924 10:37:55.131"></status>
</kw>
<kw name="Click Element" library="Selenium2Library">
<doc>Click the element identified by ``locator``.</doc>
<arguments>
<arg>class:station-name</arg>
</arguments>
<msg timestamp="20200924 10:37:55.131" level="INFO">Clicking element 'class:station-name'.</msg>
<status status="PASS" starttime="20200924 10:37:55.131" endtime="20200924 10:37:55.379"></status>
</kw>
<kw name="Sleep" library="BuiltIn">
<doc>Pauses the test executed for the given time.</doc>
<arguments>
<arg>2s</arg>
</arguments>
<msg timestamp="20200924 10:37:57.381" level="INFO">Slept 2 seconds</msg>
<status status="PASS" starttime="20200924 10:37:55.379" endtime="20200924 10:37:57.381"></status>
</kw>
<kw name="Click Element" library="Selenium2Library">
<doc>Click the element identified by ``locator``.</doc>
<arguments>
<arg>(//div[@class="CalendarMonth CalendarMonth_1"])[2]/table/tbody/tr[5]/td[3]</arg>
</arguments>
<msg timestamp="20200924 10:37:57.381" level="INFO">Clicking element '(//div[@class="CalendarMonth CalendarMonth_1"])[2]/table/tbody/tr[5]/td[3]'.</msg>
<status status="PASS" starttime="20200924 10:37:57.381" endtime="20200924 10:37:57.682"></status>
</kw>
<kw name="Sleep" library="BuiltIn">
<doc>Pauses the test executed for the given time.</doc>
<arguments>
<arg>1s</arg>
</arguments>
<msg timestamp="20200924 10:37:58.685" level="INFO">Slept 1 second</msg>
<status status="PASS" starttime="20200924 10:37:57.683" endtime="20200924 10:37:58.685"></status>
</kw>
<kw name="Click Element" library="Selenium2Library">
<doc>Click the element identified by ``locator``.</doc>
<arguments>
<arg>class:passenger-and-class-area</arg>
</arguments>
<msg timestamp="20200924 10:37:58.686" level="INFO">Clicking element 'class:passenger-and-class-area'.</msg>
<status status="PASS" starttime="20200924 10:37:58.686" endtime="20200924 10:37:58.733"></status>
</kw>
<kw name="Wait Until Element Is Visible" library="Selenium2Library">
<doc>Waits until the element ``locator`` is visible.</doc>
<arguments>
<arg>class:input-passengerclass</arg>
</arguments>
<status status="PASS" starttime="20200924 10:37:58.734" endtime="20200924 10:37:58.757"></status>
</kw>
<kw name="Click Element" library="Selenium2Library">
<doc>Click the element identified by ``locator``.</doc>
<arguments>
<arg>(//i[@class="tix tix-plus icon"])[1]</arg>
</arguments>
<msg timestamp="20200924 10:37:58.758" level="INFO">Clicking element '(//i[@class="tix tix-plus icon"])[1]'.</msg>
<status status="PASS" starttime="20200924 10:37:58.757" endtime="20200924 10:37:58.809"></status>
</kw>
<kw name="Sleep" library="BuiltIn">
<doc>Pauses the test executed for the given time.</doc>
<arguments>
<arg>1s</arg>
</arguments>
<msg timestamp="20200924 10:37:59.813" level="INFO">Slept 1 second</msg>
<status status="PASS" starttime="20200924 10:37:58.810" endtime="20200924 10:37:59.813"></status>
</kw>
<kw name="Element Text Should Be" library="Selenium2Library">
<doc>Verifies that element ``locator`` contains exact the text ``expected``.</doc>
<arguments>
<arg>(//div[@class="part counter"])[1]</arg>
<arg>2</arg>
</arguments>
<msg timestamp="20200924 10:37:59.814" level="INFO">Verifying element '(//div[@class="part counter"])[1]' contains exact text '2'.</msg>
<status status="PASS" starttime="20200924 10:37:59.813" endtime="20200924 10:37:59.843"></status>
</kw>
<kw name="Click Element" library="Selenium2Library">
<doc>Click the element identified by ``locator``.</doc>
<arguments>
<arg>(//i[@class="tix tix-plus icon"])[2]</arg>
</arguments>
<msg timestamp="20200924 10:37:59.843" level="INFO">Clicking element '(//i[@class="tix tix-plus icon"])[2]'.</msg>
<status status="PASS" starttime="20200924 10:37:59.843" endtime="20200924 10:37:59.894"></status>
</kw>
<kw name="Sleep" library="BuiltIn">
<doc>Pauses the test executed for the given time.</doc>
<arguments>
<arg>1s</arg>
</arguments>
<msg timestamp="20200924 10:38:00.896" level="INFO">Slept 1 second</msg>
<status status="PASS" starttime="20200924 10:37:59.894" endtime="20200924 10:38:00.896"></status>
</kw>
<kw name="Element Text Should Be" library="Selenium2Library">
<doc>Verifies that element ``locator`` contains exact the text ``expected``.</doc>
<arguments>
<arg>(//div[@class="part counter"])[2]</arg>
<arg>1</arg>
</arguments>
<msg timestamp="20200924 10:38:00.897" level="INFO">Verifying element '(//div[@class="part counter"])[2]' contains exact text '1'.</msg>
<status status="PASS" starttime="20200924 10:38:00.896" endtime="20200924 10:38:00.919"></status>
</kw>
<kw name="Click Element" library="Selenium2Library">
<doc>Click the element identified by ``locator``.</doc>
<arguments>
<arg>class:icon-close</arg>
</arguments>
<msg timestamp="20200924 10:38:00.919" level="INFO">Clicking element 'class:icon-close'.</msg>
<status status="PASS" starttime="20200924 10:38:00.919" endtime="20200924 10:38:00.966"></status>
</kw>
<kw name="Sleep" library="BuiltIn">
<doc>Pauses the test executed for the given time.</doc>
<arguments>
<arg>2s</arg>
</arguments>
<msg timestamp="20200924 10:38:02.967" level="INFO">Slept 2 seconds</msg>
<status status="PASS" starttime="20200924 10:38:00.966" endtime="20200924 10:38:02.968"></status>
</kw>
<kw name="Click Element" library="Selenium2Library">
<doc>Click the element identified by ``locator``.</doc>
<arguments>
<arg>//*[@id="formhome"]/div/div/div[1]/div[3]/button</arg>
</arguments>
<msg timestamp="20200924 10:38:02.968" level="INFO">Clicking element '//*[@id="formhome"]/div/div/div[1]/div[3]/button'.</msg>
<status status="PASS" starttime="20200924 10:38:02.968" endtime="20200924 10:38:03.228"></status>
</kw>
<status status="PASS" starttime="20200924 10:37:52.754" endtime="20200924 10:38:03.229"></status>
</kw>
<kw name="Then user should be redirect to result page" library="ResultReservationTrain">
<kw name="Wait Until Element Is Visible" library="Selenium2Library">
<doc>Waits until the element ``locator`` is visible.</doc>
<arguments>
<arg>class:search-result-page</arg>
</arguments>
<status status="PASS" starttime="20200924 10:38:03.231" endtime="20200924 10:38:03.515"></status>
</kw>
<status status="PASS" starttime="20200924 10:38:03.230" endtime="20200924 10:38:03.515"></status>
</kw>
<kw name="When user choose the route" library="ResultReservationTrain">
<kw name="Sleep" library="BuiltIn">
<doc>Pauses the test executed for the given time.</doc>
<arguments>
<arg>3s</arg>
</arguments>
<msg timestamp="20200924 10:38:06.518" level="INFO">Slept 3 seconds</msg>
<status status="PASS" starttime="20200924 10:38:03.516" endtime="20200924 10:38:06.518"></status>
</kw>
<kw name="Click Element" library="Selenium2Library">
<doc>Click the element identified by ``locator``.</doc>
<arguments>
<arg>class:v3-btn</arg>
</arguments>
<msg timestamp="20200924 10:38:06.519" level="INFO">Clicking element 'class:v3-btn'.</msg>
<status status="PASS" starttime="20200924 10:38:06.518" endtime="20200924 10:38:06.785"></status>
</kw>
<status status="PASS" starttime="20200924 10:38:03.516" endtime="20200924 10:38:06.786"></status>
</kw>
<kw name="Then user should be redirect to contact detail page" library="DetailPassengerTrainPage">
<kw name="Wait Until Element Is Visible" library="Selenium2Library">
<doc>Waits until the element ``locator`` is visible.</doc>
<arguments>
<arg>class:contact-form</arg>
</arguments>
<status status="PASS" starttime="20200924 10:38:06.789" endtime="20200924 10:38:07.150"></status>
</kw>
<status status="PASS" starttime="20200924 10:38:06.787" endtime="20200924 10:38:07.151"></status>
</kw>
<kw name="When user fill all form detail passenger" library="DetailPassengerTrainPage">
<kw name="Sleep" library="BuiltIn">
<doc>Pauses the test executed for the given time.</doc>
<arguments>
<arg>2s</arg>
</arguments>
<msg timestamp="20200924 10:38:09.155" level="INFO">Slept 2 seconds</msg>
<status status="PASS" starttime="20200924 10:38:07.153" endtime="20200924 10:38:09.155"></status>
</kw>
<kw name="Input Text" library="Selenium2Library">
<doc>Types the given ``text`` into the text field identified by ``locator``.</doc>
<arguments>
<arg>(//input[@class="input-list-autocomplete"])[1]</arg>
<arg>${ADULT1}</arg>
</arguments>
<msg timestamp="20200924 10:38:09.156" level="INFO">Typing text 'Kevan' into text field '(//input[@class="input-list-autocomplete"])[1]'.</msg>
<status status="PASS" starttime="20200924 10:38:09.155" endtime="20200924 10:38:09.323"></status>
</kw>
<kw name="Input Text" library="Selenium2Library">
<doc>Types the given ``text`` into the text field identified by ``locator``.</doc>
<arguments>
<arg>name:email</arg>
<arg>${EMAIL}</arg>
</arguments>
<msg timestamp="20200924 10:38:09.324" level="INFO">Typing text 'kevandharma@gmail.com' into text field 'name:email'.</msg>
<status status="PASS" starttime="20200924 10:38:09.323" endtime="20200924 10:38:09.592"></status>
</kw>
<kw name="Input Text" library="Selenium2Library">
<doc>Types the given ``text`` into the text field identified by ``locator``.</doc>
<arguments>
<arg>name:cp-phone</arg>
<arg>${NO_PHONE}</arg>
</arguments>
<msg timestamp="20200924 10:38:09.593" level="INFO">Typing text '85263780444' into text field 'name:cp-phone'.</msg>
<status status="PASS" starttime="20200924 10:38:09.593" endtime="20200924 10:38:09.783"></status>
</kw>
<kw name="Input Text" library="Selenium2Library">
<doc>Types the given ``text`` into the text field identified by ``locator``.</doc>
<arguments>
<arg>(//input[@class="input-list-autocomplete"])[2]</arg>
<arg>${ADULT1}</arg>
</arguments>
<msg timestamp="20200924 10:38:09.784" level="INFO">Typing text 'Kevan' into text field '(//input[@class="input-list-autocomplete"])[2]'.</msg>
<status status="PASS" starttime="20200924 10:38:09.783" endtime="20200924 10:38:09.951"></status>
</kw>
<kw name="Input Text" library="Selenium2Library">
<doc>Types the given ``text`` into the text field identified by ``locator``.</doc>
<arguments>
<arg>(//input[@class="input-flight-textinput"])[3]</arg>
<arg>${KTP_ADULT1}</arg>
</arguments>
<msg timestamp="20200924 10:38:09.952" level="INFO">Typing text '1234567890123456' into text field '(//input[@class="input-flight-textinput"])[3]'.</msg>
<status status="PASS" starttime="20200924 10:38:09.951" endtime="20200924 10:38:10.187"></status>
</kw>
<kw name="Sleep" library="BuiltIn">
<doc>Pauses the test executed for the given time.</doc>
<arguments>
<arg>2s</arg>
</arguments>
<msg timestamp="20200924 10:38:12.188" level="INFO">Slept 2 seconds</msg>
<status status="PASS" starttime="20200924 10:38:10.187" endtime="20200924 10:38:12.189"></status>
</kw>
<kw name="Input Text" library="Selenium2Library">
<doc>Types the given ``text`` into the text field identified by ``locator``.</doc>
<arguments>
<arg>(//input[@class="input-list-autocomplete"])[3]</arg>
<arg>${ADULT2}</arg>
</arguments>
<msg timestamp="20200924 10:38:12.190" level="INFO">Typing text 'Dharma' into text field '(//input[@class="input-list-autocomplete"])[3]'.</msg>
<status status="PASS" starttime="20200924 10:38:12.189" endtime="20200924 10:38:12.363"></status>
</kw>
<kw name="Input Text" library="Selenium2Library">
<doc>Types the given ``text`` into the text field identified by ``locator``.</doc>
<arguments>
<arg>(//input[@class="input-flight-textinput"])[4]</arg>
<arg>${KTP_ADULT2}</arg>
</arguments>
<msg timestamp="20200924 10:38:12.365" level="INFO">Typing text '6543210987654321' into text field '(//input[@class="input-flight-textinput"])[4]'.</msg>
<status status="PASS" starttime="20200924 10:38:12.364" endtime="20200924 10:38:12.693"></status>
</kw>
<kw name="Sleep" library="BuiltIn">
<doc>Pauses the test executed for the given time.</doc>
<arguments>
<arg>2s</arg>
</arguments>
<msg timestamp="20200924 10:38:14.695" level="INFO">Slept 2 seconds</msg>
<status status="PASS" starttime="20200924 10:38:12.693" endtime="20200924 10:38:14.695"></status>
</kw>
<kw name="Input Text" library="Selenium2Library">
<doc>Types the given ``text`` into the text field identified by ``locator``.</doc>
<arguments>
<arg>(//input[@class="input-list-autocomplete"])[4]</arg>
<arg>${INFANT}</arg>
</arguments>
<msg timestamp="20200924 10:38:14.696" level="INFO">Typing text 'Kevan Dharma' into text field '(//input[@class="input-list-autocomplete"])[4]'.</msg>
<status status="PASS" starttime="20200924 10:38:14.696" endtime="20200924 10:38:14.845"></status>
</kw>
<kw name="Click Element" library="Selenium2Library">
<doc>Click the element identified by ``locator``.</doc>
<arguments>
<arg>(//input[@class="input-flight-dropdown"])[5]</arg>
</arguments>
<msg timestamp="20200924 10:38:14.846" level="INFO">Clicking element '(//input[@class="input-flight-dropdown"])[5]'.</msg>
<status status="PASS" starttime="20200924 10:38:14.846" endtime="20200924 10:38:14.929"></status>
</kw>
<kw name="Sleep" library="BuiltIn">
<doc>Pauses the test executed for the given time.</doc>
<arguments>
<arg>1s</arg>
</arguments>
<msg timestamp="20200924 10:38:15.933" level="INFO">Slept 1 second</msg>
<status status="PASS" starttime="20200924 10:38:14.929" endtime="20200924 10:38:15.933"></status>
</kw>
<kw name="Click Element" library="Selenium2Library">
<doc>Click the element identified by ``locator``.</doc>
<arguments>
<arg>//ul[@class="ul-list-menu"]/li[4]</arg>
</arguments>
<msg timestamp="20200924 10:38:15.934" level="INFO">Clicking element '//ul[@class="ul-list-menu"]/li[4]'.</msg>
<status status="PASS" starttime="20200924 10:38:15.933" endtime="20200924 10:38:16.008"></status>
</kw>
<kw name="Sleep" library="BuiltIn">
<doc>Pauses the test executed for the given time.</doc>
<arguments>
<arg>1s</arg>
</arguments>
<msg timestamp="20200924 10:38:17.010" level="INFO">Slept 1 second</msg>
<status status="PASS" starttime="20200924 10:38:16.008" endtime="20200924 10:38:17.011"></status>
</kw>
<kw name="Click Element" library="Selenium2Library">
<doc>Click the element identified by ``locator``.</doc>
<arguments>
<arg>//ul[@class="ul-list-menu"]/li[3]</arg>
</arguments>
<msg timestamp="20200924 10:38:17.011" level="INFO">Clicking element '//ul[@class="ul-list-menu"]/li[3]'.</msg>
<status status="PASS" starttime="20200924 10:38:17.011" endtime="20200924 10:38:17.069"></status>
</kw>
<kw name="Sleep" library="BuiltIn">
<doc>Pauses the test executed for the given time.</doc>
<arguments>
<arg>1s</arg>
</arguments>
<msg timestamp="20200924 10:38:18.070" level="INFO">Slept 1 second</msg>
<status status="PASS" starttime="20200924 10:38:17.069" endtime="20200924 10:38:18.070"></status>
</kw>
<kw name="Click Element" library="Selenium2Library">
<doc>Click the element identified by ``locator``.</doc>
<arguments>
<arg>//ul[@class="ul-list-menu"]/li[1]</arg>
</arguments>
<msg timestamp="20200924 10:38:18.071" level="INFO">Clicking element '//ul[@class="ul-list-menu"]/li[1]'.</msg>
<status status="PASS" starttime="20200924 10:38:18.071" endtime="20200924 10:38:18.174"></status>
</kw>
<kw name="Sleep" library="BuiltIn">
<doc>Pauses the test executed for the given time.</doc>
<arguments>
<arg>1s</arg>
</arguments>
<msg timestamp="20200924 10:38:19.177" level="INFO">Slept 1 second</msg>
<status status="PASS" starttime="20200924 10:38:18.174" endtime="20200924 10:38:19.177"></status>
</kw>
<status status="PASS" starttime="20200924 10:38:07.152" endtime="20200924 10:38:19.178"></status>
</kw>
<kw name="And choose seat" library="SelectSeatPage">
<kw name="Click Element" library="Selenium2Library">
<doc>Click the element identified by ``locator``.</doc>
<arguments>
<arg>class:btn-choose-seat</arg>
</arguments>
<msg timestamp="20200924 10:38:19.180" level="INFO">Clicking element 'class:btn-choose-seat'.</msg>
<status status="PASS" starttime="20200924 10:38:19.179" endtime="20200924 10:38:19.332"></status>
</kw>
<kw name="Sleep" library="BuiltIn">
<doc>Pauses the test executed for the given time.</doc>
<arguments>
<arg>2s</arg>
</arguments>
<msg timestamp="20200924 10:38:21.335" level="INFO">Slept 2 seconds</msg>
<status status="PASS" starttime="20200924 10:38:19.332" endtime="20200924 10:38:21.335"></status>
</kw>
<status status="PASS" starttime="20200924 10:38:19.178" endtime="20200924 10:38:21.336"></status>
</kw>
<kw name="And continue to payment" library="DetailPassengerTrainPage">
<kw name="Sleep" library="BuiltIn">
<doc>Pauses the test executed for the given time.</doc>
<arguments>
<arg>2s</arg>
</arguments>
<msg timestamp="20200924 10:38:23.338" level="INFO">Slept 2 seconds</msg>
<status status="PASS" starttime="20200924 10:38:21.337" endtime="20200924 10:38:23.339"></status>
</kw>
<kw name="Click Element" library="Selenium2Library">
<doc>Click the element identified by ``locator``.</doc>
<arguments>
<arg>//div[@class="action-area"]/button</arg>
</arguments>
<msg timestamp="20200924 10:38:23.339" level="INFO">Clicking element '//div[@class="action-area"]/button'.</msg>
<status status="PASS" starttime="20200924 10:38:23.339" endtime="20200924 10:38:23.418"></status>
</kw>
<kw name="Click Element" library="Selenium2Library">
<doc>Click the element identified by ``locator``.</doc>
<arguments>
<arg>(//div[@class="button-area"])/button[1]</arg>
</arguments>
<msg timestamp="20200924 10:38:23.419" level="INFO">Clicking element '(//div[@class="button-area"])/button[1]'.</msg>
<status status="PASS" starttime="20200924 10:38:23.418" endtime="20200924 10:38:23.662"></status>
</kw>
<status status="PASS" starttime="20200924 10:38:21.336" endtime="20200924 10:38:23.662"></status>
</kw>
<kw name="Then user should be redirect to payment method page" library="PaymentPage">
<kw name="Wait Until Element Is Visible" library="Selenium2Library">
<doc>Waits until the element ``locator`` is visible.</doc>
<arguments>
<arg>class:order-info</arg>
</arguments>
<status status="PASS" starttime="20200924 10:38:23.663" endtime="20200924 10:38:25.688"></status>
</kw>
<status status="PASS" starttime="20200924 10:38:23.663" endtime="20200924 10:38:25.689"></status>
</kw>
<kw name="When user choose payment method" library="PaymentPage">
<kw name="Click Element" library="Selenium2Library">
<doc>Click the element identified by ``locator``.</doc>
<arguments>
<arg>(//div[@class="card payment-group white"])[4]/a/div[1]</arg>
</arguments>
<msg timestamp="20200924 10:38:25.690" level="INFO">Clicking element '(//div[@class="card payment-group white"])[4]/a/div[1]'.</msg>
<status status="PASS" starttime="20200924 10:38:25.690" endtime="20200924 10:38:26.081"></status>
</kw>
<status status="PASS" starttime="20200924 10:38:25.689" endtime="20200924 10:38:26.082"></status>
</kw>
<kw name="And click continue button" library="PaymentPage">
<kw name="Sleep" library="BuiltIn">
<doc>Pauses the test executed for the given time.</doc>
<arguments>
<arg>2s</arg>
</arguments>
<msg timestamp="20200924 10:38:28.086" level="INFO">Slept 2 seconds</msg>
<status status="PASS" starttime="20200924 10:38:26.085" endtime="20200924 10:38:28.086"></status>
</kw>
<kw name="Click Element" library="Selenium2Library">
<doc>Click the element identified by ``locator``.</doc>
<arguments>
<arg>//*[@id="app"]/div/div[3]/div/div[2]/div[2]/div[1]/div/div/div[4]/div[2]/button</arg>
</arguments>
<msg timestamp="20200924 10:38:28.088" level="INFO">Clicking element '//*[@id="app"]/div/div[3]/div/div[2]/div[2]/div[1]/div/div/div[4]/div[2]/button'.</msg>
<status status="PASS" starttime="20200924 10:38:28.088" endtime="20200924 10:38:28.248"></status>
</kw>
<status status="PASS" starttime="20200924 10:38:26.083" endtime="20200924 10:38:28.249"></status>
</kw>
<kw name="Then user should be redirect to confirm page" library="PaymentPage">
<kw name="Wait Until Element Is Visible" library="Selenium2Library">
<doc>Waits until the element ``locator`` is visible.</doc>
<arguments>
<arg>class:bank-account-information</arg>
</arguments>
<status status="PASS" starttime="20200924 10:38:28.250" endtime="20200924 10:38:30.151"></status>
</kw>
<status status="PASS" starttime="20200924 10:38:28.250" endtime="20200924 10:38:30.151"></status>
</kw>
<kw name="Close Browser" library="Selenium2Library" type="teardown">
<doc>Closes the current browser.</doc>
<status status="PASS" starttime="20200924 10:38:30.153" endtime="20200924 10:38:30.392"></status>
</kw>
<tags>
<tag>Functional</tag>
</tags>
<status status="PASS" starttime="20200924 10:37:41.557" endtime="20200924 10:38:30.393" critical="yes"></status>
</test>
<status status="PASS" starttime="20200924 10:37:41.266" endtime="20200924 10:38:30.397"></status>
</suite>
<statistics>
<total>
<stat pass="1" fail="0">Critical Tests</stat>
<stat pass="1" fail="0">All Tests</stat>
</total>
<tag>
<stat pass="1" fail="0">Functional</stat>
</tag>
<suite>
<stat pass="1" fail="0" id="s1" name="Train">Train</stat>
</suite>
</statistics>
<errors>
</errors>
</robot>
