<?xml version="1.0" encoding="UTF-8"?>
<robot generator="Robot 3.2.2 (Python 3.8.5 on darwin)" generated="20200923 23:17:36.804" rpa="false">
<suite id="s1" name="Flight" source="/Users/kata/Documents/github/Robotframework-/Tests/Flight.robot">
<test id="s1-t1" name="User be able to booking flight">
<kw name="Given User access tiket website">
<kw name="Open Browser" library="Selenium2Library">
<doc>Opens a new browser instance to the optional ``url``.</doc>
<arguments>
<arg>${SITE_URL}</arg>
<arg>${BROWSER}</arg>
</arguments>
<msg timestamp="20200923 23:17:37.764" level="INFO">Opening browser 'Chrome' to base url 'https://www.tiket.com/'.</msg>
<status status="PASS" starttime="20200923 23:17:37.763" endtime="20200923 23:17:44.146"></status>
</kw>
<kw name="Maximize Browser Window" library="Selenium2Library">
<doc>Maximizes current browser window.</doc>
<status status="PASS" starttime="20200923 23:17:44.147" endtime="20200923 23:17:46.297"></status>
</kw>
<status status="PASS" starttime="20200923 23:17:37.762" endtime="20200923 23:17:46.297"></status>
</kw>
<kw name="When User click flight" library="HeaderPage">
<kw name="Click Link" library="Selenium2Library">
<doc>Clicks a link identified by ``locator``.</doc>
<arguments>
<arg>link:Pesawat</arg>
</arguments>
<msg timestamp="20200923 23:17:46.300" level="INFO">Clicking link 'link:Pesawat'.</msg>
<status status="PASS" starttime="20200923 23:17:46.299" endtime="20200923 23:17:47.512"></status>
</kw>
<status status="PASS" starttime="20200923 23:17:46.298" endtime="20200923 23:17:47.512"></status>
</kw>
<kw name="Then User should be redirect to flight page" library="FlightPage">
<kw name="Wait Until Element Is Visible" library="Selenium2Library">
<doc>Waits until the element ``locator`` is visible.</doc>
<arguments>
<arg>class:text-flight-findcompare</arg>
</arguments>
<status status="PASS" starttime="20200923 23:17:47.513" endtime="20200923 23:17:49.190"></status>
</kw>
<kw name="Element Text Should Be" library="Selenium2Library">
<doc>Verifies that element ``locator`` contains exact the text ``expected``.</doc>
<arguments>
<arg>class:text-flight-findcompare</arg>
<arg>Cari harga tiket pesawat murah &amp; promo di sini</arg>
</arguments>
<msg timestamp="20200923 23:17:49.190" level="INFO">Verifying element 'class:text-flight-findcompare' contains exact text 'Cari harga tiket pesawat murah &amp; promo di sini'.</msg>
<status status="PASS" starttime="20200923 23:17:49.190" endtime="20200923 23:17:49.996"></status>
</kw>
<status status="PASS" starttime="20200923 23:17:47.512" endtime="20200923 23:17:49.997"></status>
</kw>
<kw name="Close Browser" library="Selenium2Library" type="teardown">
<doc>Closes the current browser.</doc>
<status status="PASS" starttime="20200923 23:17:49.997" endtime="20200923 23:17:50.159"></status>
</kw>
<tags>
<tag>Functional</tag>
</tags>
<status status="PASS" starttime="20200923 23:17:37.758" endtime="20200923 23:17:50.159" critical="yes"></status>
</test>
<status status="PASS" starttime="20200923 23:17:36.807" endtime="20200923 23:17:50.163"></status>
</suite>
<statistics>
<total>
<stat pass="1" fail="0">Critical Tests</stat>
<stat pass="1" fail="0">All Tests</stat>
</total>
<tag>
<stat pass="1" fail="0">Functional</stat>
</tag>
<suite>
<stat pass="1" fail="0" id="s1" name="Flight">Flight</stat>
</suite>
</statistics>
<errors>
</errors>
</robot>
